[debug] [2021-06-22T21:24:25.131Z] ----------------------------------------------------------------------
[debug] [2021-06-22T21:24:25.133Z] Command:       C:\Program Files\nodejs\node.exe C:\Users\marif\AppData\Roaming\npm\node_modules\firebase-tools\lib\bin\firebase.js init
[debug] [2021-06-22T21:24:25.133Z] CLI Version:   9.14.0
[debug] [2021-06-22T21:24:25.133Z] Platform:      win32
[debug] [2021-06-22T21:24:25.133Z] Node Version:  v14.16.1
[debug] [2021-06-22T21:24:25.134Z] Time:          Wed Jun 23 2021 03:24:25 GMT+0600 (Bangladesh Standard Time)
[debug] [2021-06-22T21:24:25.134Z] ----------------------------------------------------------------------
[debug] 
[debug] [2021-06-22T21:24:25.140Z] >>> [apiv2][query] GET https://firebase-public.firebaseio.com/cli.json [none]
[debug] [2021-06-22T21:24:25.158Z] > command requires scopes: ["email","openid","https://www.googleapis.com/auth/cloudplatformprojects.readonly","https://www.googleapis.com/auth/firebase","https://www.googleapis.com/auth/cloud-platform"]
[debug] [2021-06-22T21:24:25.159Z] > authorizing via signed-in user (marifm1986@gmail.com)
[info] 
     ######## #### ########  ######## ########     ###     ######  ########
     ##        ##  ##     ## ##       ##     ##  ##   ##  ##       ##
     ######    ##  ########  ######   ########  #########  ######  ######
     ##        ##  ##    ##  ##       ##     ## ##     ##       ## ##
     ##       #### ##     ## ######## ########  ##     ##  ######  ########

You're about to initialize a Firebase project in this directory:

  C:\Users\marif\Desktop\practice\angularFirebase

Before we get started, keep in mind:

  * You are initializing within an existing Firebase project directory

[debug] [2021-06-22T21:24:26.521Z] <<< [apiv2][status] GET https://firebase-public.firebaseio.com/cli.json 200
[debug] [2021-06-22T21:24:26.522Z] <<< [apiv2][body] GET https://firebase-public.firebaseio.com/cli.json {"cloudBuildErrorAfter":1594252800000,"cloudBuildWarnAfter":1590019200000,"defaultNode10After":1594252800000,"minVersion":"3.0.5","node8DeploysDisabledAfter":1613390400000,"node8RuntimeDisabledAfter":1615809600000,"node8WarnAfter":1600128000000}
[debug] [2021-06-22T21:26:45.668Z] ----------------------------------------------------------------------
[debug] [2021-06-22T21:26:45.670Z] Command:       C:\Program Files\nodejs\node.exe C:\Users\marif\AppData\Roaming\npm\node_modules\firebase-tools\lib\bin\firebase.js init
[debug] [2021-06-22T21:26:45.671Z] CLI Version:   9.14.0
[debug] [2021-06-22T21:26:45.671Z] Platform:      win32
[debug] [2021-06-22T21:26:45.671Z] Node Version:  v14.16.1
[debug] [2021-06-22T21:26:45.672Z] Time:          Wed Jun 23 2021 03:26:45 GMT+0600 (Bangladesh Standard Time)
[debug] [2021-06-22T21:26:45.672Z] ----------------------------------------------------------------------
[debug] 
[debug] [2021-06-22T21:26:45.681Z] > command requires scopes: ["email","openid","https://www.googleapis.com/auth/cloudplatformprojects.readonly","https://www.googleapis.com/auth/firebase","https://www.googleapis.com/auth/cloud-platform"]
[debug] [2021-06-22T21:26:45.681Z] > authorizing via signed-in user (marifm1986@gmail.com)
[info] 
     ######## #### ########  ######## ########     ###     ######  ########
     ##        ##  ##     ## ##       ##     ##  ##   ##  ##       ##
     ######    ##  ########  ######   ########  #########  ######  ######
     ##        ##  ##    ##  ##       ##     ## ##     ##       ## ##
     ##       #### ##     ## ######## ########  ##     ##  ######  ########

You're about to initialize a Firebase project in this directory:

  C:\Users\marif\Desktop\practice\angularFirebase

Before we get started, keep in mind:

  * You are initializing within an existing Firebase project directory

[info] 
=== Project Setup
[info] 
[info] First, let's associate this project directory with a Firebase project.
[info] You can create multiple project aliases by running firebase use --add, 
[info] but for now we'll just set up a default project.
[info] 
[debug] [2021-06-22T21:27:43.122Z] > refreshing access token with scopes: []
[debug] [2021-06-22T21:27:43.122Z] >>> HTTP REQUEST POST https://www.googleapis.com/oauth2/v3/token  
 <request body omitted>
[debug] [2021-06-22T21:27:44.080Z] <<< HTTP RESPONSE 200 {"date":"Tue, 22 Jun 2021 21:27:44 GMT","expires":"Mon, 01 Jan 1990 00:00:00 GMT","cache-control":"no-cache, no-store, max-age=0, must-revalidate","pragma":"no-cache","content-type":"application/json; charset=utf-8","vary":"X-Origin, Referer, Origin,Accept-Encoding","server":"scaffolding on HTTPServer2","x-xss-protection":"0","x-frame-options":"SAMEORIGIN","x-content-type-options":"nosniff","alt-svc":"h3=\":443\"; ma=2592000,h3-29=\":443\"; ma=2592000,h3-T051=\":443\"; ma=2592000,h3-Q050=\":443\"; ma=2592000,h3-Q046=\":443\"; ma=2592000,h3-Q043=\":443\"; ma=2592000,quic=\":443\"; ma=2592000; v=\"46,43\"","accept-ranges":"none","transfer-encoding":"chunked"}
[debug] [2021-06-22T21:27:44.094Z] >>> [apiv2][query] GET https://firebase.googleapis.com/v1beta1/projects/kanban-fire-workshop-8ca5d [none]
[debug] [2021-06-22T21:27:45.521Z] <<< [apiv2][status] GET https://firebase.googleapis.com/v1beta1/projects/kanban-fire-workshop-8ca5d 200
[debug] [2021-06-22T21:27:45.522Z] <<< [apiv2][body] GET https://firebase.googleapis.com/v1beta1/projects/kanban-fire-workshop-8ca5d {"projectId":"kanban-fire-workshop-8ca5d","projectNumber":"179537611791","displayName":"kanban-fire-workshop","name":"projects/kanban-fire-workshop-8ca5d","resources":{"hostingSite":"kanban-fire-workshop-8ca5d","storageBucket":"kanban-fire-workshop-8ca5d.appspot.com","locationId":"us-central"},"state":"ACTIVE"}
[info] i  Using project kanban-fire-workshop-8ca5d (kanban-fire-workshop) 
[info] 
=== Database Setup
[info] i  database: ensuring required API firebasedatabase.googleapis.com is enabled... 
[debug] [2021-06-22T21:27:45.534Z] > refreshing access token with scopes: ["email","https://www.googleapis.com/auth/cloud-platform","https://www.googleapis.com/auth/cloudplatformprojects.readonly","https://www.googleapis.com/auth/firebase","openid"]
[debug] [2021-06-22T21:27:45.534Z] >>> HTTP REQUEST POST https://www.googleapis.com/oauth2/v3/token  
 <request body omitted>
[debug] [2021-06-22T21:27:46.227Z] <<< HTTP RESPONSE 200 {"expires":"Mon, 01 Jan 1990 00:00:00 GMT","date":"Tue, 22 Jun 2021 21:27:46 GMT","cache-control":"no-cache, no-store, max-age=0, must-revalidate","pragma":"no-cache","content-type":"application/json; charset=utf-8","vary":"X-Origin, Referer, Origin,Accept-Encoding","server":"scaffolding on HTTPServer2","x-xss-protection":"0","x-frame-options":"SAMEORIGIN","x-content-type-options":"nosniff","alt-svc":"h3=\":443\"; ma=2592000,h3-29=\":443\"; ma=2592000,h3-T051=\":443\"; ma=2592000,h3-Q050=\":443\"; ma=2592000,h3-Q046=\":443\"; ma=2592000,h3-Q043=\":443\"; ma=2592000,quic=\":443\"; ma=2592000; v=\"46,43\"","accept-ranges":"none","transfer-encoding":"chunked"}
[debug] [2021-06-22T21:27:46.263Z] >>> HTTP REQUEST GET https://serviceusage.googleapis.com/v1/projects/kanban-fire-workshop-8ca5d/services/firebasedatabase.googleapis.com  
 
[debug] [2021-06-22T21:27:48.255Z] <<< HTTP RESPONSE 200 {"content-type":"application/json; charset=UTF-8","vary":"X-Origin, Referer, Origin,Accept-Encoding","date":"Tue, 22 Jun 2021 21:27:48 GMT","server":"ESF","cache-control":"private","x-xss-protection":"0","x-frame-options":"SAMEORIGIN","x-content-type-options":"nosniff","alt-svc":"h3=\":443\"; ma=2592000,h3-29=\":443\"; ma=2592000,h3-T051=\":443\"; ma=2592000,h3-Q050=\":443\"; ma=2592000,h3-Q046=\":443\"; ma=2592000,h3-Q043=\":443\"; ma=2592000,quic=\":443\"; ma=2592000; v=\"46,43\"","accept-ranges":"none","transfer-encoding":"chunked"}
[warn] !  database: missing required API firebasedatabase.googleapis.com. Enabling now... 
[debug] [2021-06-22T21:27:48.257Z] >>> HTTP REQUEST POST https://serviceusage.googleapis.com/v1/projects/kanban-fire-workshop-8ca5d/services/firebasedatabase.googleapis.com:enable  
 
[debug] [2021-06-22T21:27:50.303Z] <<< HTTP RESPONSE 200 {"content-type":"application/json; charset=UTF-8","vary":"X-Origin, Referer, Origin,Accept-Encoding","date":"Tue, 22 Jun 2021 21:27:50 GMT","server":"ESF","cache-control":"private","x-xss-protection":"0","x-frame-options":"SAMEORIGIN","x-content-type-options":"nosniff","alt-svc":"h3=\":443\"; ma=2592000,h3-29=\":443\"; ma=2592000,h3-T051=\":443\"; ma=2592000,h3-Q050=\":443\"; ma=2592000,h3-Q046=\":443\"; ma=2592000,h3-Q043=\":443\"; ma=2592000,quic=\":443\"; ma=2592000; v=\"46,43\"","accept-ranges":"none","transfer-encoding":"chunked"}
[debug] [2021-06-22T21:28:00.306Z] >>> HTTP REQUEST GET https://serviceusage.googleapis.com/v1/projects/kanban-fire-workshop-8ca5d/services/firebasedatabase.googleapis.com  
 
[debug] [2021-06-22T21:28:03.087Z] <<< HTTP RESPONSE 200 {"content-type":"application/json; charset=UTF-8","vary":"X-Origin, Referer, Origin,Accept-Encoding","date":"Tue, 22 Jun 2021 21:28:03 GMT","server":"ESF","cache-control":"private","x-xss-protection":"0","x-frame-options":"SAMEORIGIN","x-content-type-options":"nosniff","alt-svc":"h3=\":443\"; ma=2592000,h3-29=\":443\"; ma=2592000,h3-T051=\":443\"; ma=2592000,h3-Q050=\":443\"; ma=2592000,h3-Q046=\":443\"; ma=2592000,h3-Q043=\":443\"; ma=2592000,quic=\":443\"; ma=2592000; v=\"46,43\"","accept-ranges":"none","transfer-encoding":"chunked"}
[info] +  database: required API firebasedatabase.googleapis.com is enabled 
[info] 
[debug] [2021-06-22T21:28:03.091Z] > refreshing access token with scopes: []
[debug] [2021-06-22T21:28:03.092Z] >>> HTTP REQUEST POST https://www.googleapis.com/oauth2/v3/token  
 <request body omitted>
[debug] [2021-06-22T21:28:03.893Z] <<< HTTP RESPONSE 200 {"expires":"Mon, 01 Jan 1990 00:00:00 GMT","pragma":"no-cache","cache-control":"no-cache, no-store, max-age=0, must-revalidate","date":"Tue, 22 Jun 2021 21:28:04 GMT","content-type":"application/json; charset=utf-8","vary":"X-Origin, Referer, Origin,Accept-Encoding","server":"scaffolding on HTTPServer2","x-xss-protection":"0","x-frame-options":"SAMEORIGIN","x-content-type-options":"nosniff","alt-svc":"h3=\":443\"; ma=2592000,h3-29=\":443\"; ma=2592000,h3-T051=\":443\"; ma=2592000,h3-Q050=\":443\"; ma=2592000,h3-Q046=\":443\"; ma=2592000,h3-Q043=\":443\"; ma=2592000,quic=\":443\"; ma=2592000; v=\"46,43\"","accept-ranges":"none","transfer-encoding":"chunked"}
[debug] [2021-06-22T21:28:03.918Z] >>> [apiv2][query] GET https://firebase.googleapis.com/v1beta1/projects/kanban-fire-workshop-8ca5d [none]
[debug] [2021-06-22T21:28:05.111Z] <<< [apiv2][status] GET https://firebase.googleapis.com/v1beta1/projects/kanban-fire-workshop-8ca5d 200
[debug] [2021-06-22T21:28:05.112Z] <<< [apiv2][body] GET https://firebase.googleapis.com/v1beta1/projects/kanban-fire-workshop-8ca5d {"projectId":"kanban-fire-workshop-8ca5d","projectNumber":"179537611791","displayName":"kanban-fire-workshop","name":"projects/kanban-fire-workshop-8ca5d","resources":{"hostingSite":"kanban-fire-workshop-8ca5d","storageBucket":"kanban-fire-workshop-8ca5d.appspot.com","locationId":"us-central"},"state":"ACTIVE"}
[debug] [2021-06-22T21:28:28.508Z] > refreshing access token with scopes: ["email","https://www.googleapis.com/auth/cloud-platform","https://www.googleapis.com/auth/cloudplatformprojects.readonly","https://www.googleapis.com/auth/firebase","openid"]
[debug] [2021-06-22T21:28:28.508Z] >>> HTTP REQUEST POST https://www.googleapis.com/oauth2/v3/token  
 <request body omitted>
[debug] [2021-06-22T21:28:29.190Z] <<< HTTP RESPONSE 200 {"pragma":"no-cache","date":"Tue, 22 Jun 2021 21:28:29 GMT","cache-control":"no-cache, no-store, max-age=0, must-revalidate","expires":"Mon, 01 Jan 1990 00:00:00 GMT","content-type":"application/json; charset=utf-8","vary":"X-Origin, Referer, Origin,Accept-Encoding","server":"scaffolding on HTTPServer2","x-xss-protection":"0","x-frame-options":"SAMEORIGIN","x-content-type-options":"nosniff","alt-svc":"h3=\":443\"; ma=2592000,h3-29=\":443\"; ma=2592000,h3-T051=\":443\"; ma=2592000,h3-Q050=\":443\"; ma=2592000,h3-Q046=\":443\"; ma=2592000,h3-Q043=\":443\"; ma=2592000,quic=\":443\"; ma=2592000; v=\"46,43\"","accept-ranges":"none","transfer-encoding":"chunked"}
[debug] [2021-06-22T21:28:29.202Z] >>> HTTP REQUEST POST https://firebasedatabase.googleapis.com/v1beta/projects/kanban-fire-workshop-8ca5d/locations/us-central1/instances?databaseId=kanban-fire-workshop-8ca5d-default-rtdb&validateOnly=true  
 {"type":"default_database"}
[debug] [2021-06-22T21:28:31.684Z] <<< HTTP RESPONSE 200 {"content-type":"application/json; charset=UTF-8","vary":"X-Origin, Referer, Origin,Accept-Encoding","date":"Tue, 22 Jun 2021 21:28:31 GMT","server":"ESF","cache-control":"private","x-xss-protection":"0","x-frame-options":"SAMEORIGIN","x-content-type-options":"nosniff","alt-svc":"h3=\":443\"; ma=2592000,h3-29=\":443\"; ma=2592000,h3-T051=\":443\"; ma=2592000,h3-Q050=\":443\"; ma=2592000,h3-Q046=\":443\"; ma=2592000,h3-Q043=\":443\"; ma=2592000,quic=\":443\"; ma=2592000; v=\"46,43\"","accept-ranges":"none","transfer-encoding":"chunked"}
[debug] [2021-06-22T21:28:31.691Z] >>> HTTP REQUEST POST https://firebasedatabase.googleapis.com/v1beta/projects/kanban-fire-workshop-8ca5d/locations/us-central1/instances?databaseId=kanban-fire-workshop-8ca5d-default-rtdb  
 {"type":"default_database"}
[debug] [2021-06-22T21:28:35.449Z] <<< HTTP RESPONSE 200 {"content-type":"application/json; charset=UTF-8","vary":"X-Origin, Referer, Origin,Accept-Encoding","date":"Tue, 22 Jun 2021 21:28:35 GMT","server":"ESF","cache-control":"private","x-xss-protection":"0","x-frame-options":"SAMEORIGIN","x-content-type-options":"nosniff","alt-svc":"h3=\":443\"; ma=2592000,h3-29=\":443\"; ma=2592000,h3-T051=\":443\"; ma=2592000,h3-Q050=\":443\"; ma=2592000,h3-Q046=\":443\"; ma=2592000,h3-Q043=\":443\"; ma=2592000,quic=\":443\"; ma=2592000; v=\"46,43\"","accept-ranges":"none","transfer-encoding":"chunked"}
[info] 
[info] Firebase Realtime Database Security Rules allow you to define how your data should be
[info] structured and when your data can be read from and written to.
[info] 
[debug] [2021-06-22T21:28:45.765Z] >>> HTTP REQUEST GET https://kanban-fire-workshop-8ca5d-default-rtdb.firebaseio.com/.settings/rules.json  
 
[debug] [2021-06-22T21:28:47.648Z] <<< HTTP RESPONSE 200 {"server":"nginx","date":"Tue, 22 Jun 2021 21:28:47 GMT","content-type":"application/json; charset=utf-8","content-length":"161","connection":"keep-alive","access-control-allow-origin":"*","cache-control":"no-cache","strict-transport-security":"max-age=31556926; includeSubDomains; preload"}
[info] +  Database Rules for kanban-fire-workshop-8ca5d-default-rtdb have been written to database.rules.json. 
[info] Future modifications to database.rules.json will update Realtime Database Security Rules when you run
[info] firebase deploy.
[info] 
=== Hosting Setup
[info] 
[info] Your public directory is the folder (relative to your project directory) that
[info] will contain Hosting assets to be uploaded with firebase deploy. If you
[info] have a build process for your assets, use your build's output directory.
[info] 
[info] +  Wrote dist/404.html 
[debug] [2021-06-22T21:29:12.103Z] >>> [apiv2][query] GET https://www.gstatic.com/firebasejs/releases.json [none]
[debug] [2021-06-22T21:29:12.994Z] <<< [apiv2][status] GET https://www.gstatic.com/firebasejs/releases.json 200
[debug] [2021-06-22T21:29:12.994Z] <<< [apiv2][body] GET https://www.gstatic.com/firebasejs/releases.json {"current":{"version":"8.6.8","browserURL":"https://www.gstatic.com/firebasejs/8.6.8/firebase.js","packageURL":"https://www.gstatic.com/firebasejs/8.6.8/firebase.tgz"},"live":{"version":"8.6","browserURL":"https://www.gstatic.com/firebasejs/live/8.6/firebase.js","packageURL":"https://www.gstatic.com/firebasejs/live/8.6/firebase.tgz"},"components":{"analytics":"https://www.gstatic.com/firebasejs/8.6.8/firebase-analytics.js","app":"https://www.gstatic.com/firebasejs/8.6.8/firebase-app.js","app-check":"https://www.gstatic.com/firebasejs/8.6.8/firebase-app-check.js","auth":"https://www.gstatic.com/firebasejs/8.6.8/firebase-auth.js","database":"https://www.gstatic.com/firebasejs/8.6.8/firebase-database.js","firestore":"https://www.gstatic.com/firebasejs/8.6.8/firebase-firestore.js","functions":"https://www.gstatic.com/firebasejs/8.6.8/firebase-functions.js","installations":"https://www.gstatic.com/firebasejs/8.6.8/firebase-installations.js","messaging":"https://www.gstatic.com/firebasejs/8.6.8/firebase-messaging.js","storage":"https://www.gstatic.com/firebasejs/8.6.8/firebase-storage.js","performance":"https://www.gstatic.com/firebasejs/8.6.8/firebase-performance.js","remote-config":"https://www.gstatic.com/firebasejs/8.6.8/firebase-remote-config.js","firestore.memory":"https://www.gstatic.com/firebasejs/8.6.8/firebase-firestore.memory.js"}}
[info] +  Wrote dist/index.html 
[info] 
[info] i  Detected a .git folder at C:\Users\marif\Desktop\practice\angularFirebase 
[info] i  Authorizing with GitHub to upload your service account to a GitHub repository's secrets store. 
[info] 
[info] Visit this URL on this device to log in:
[info] https://github.com/login/oauth/authorize?client_id=89cf50f02ac6aaed3484&state=572744466&redirect_uri=http%3A%2F%2Flocalhost%3A9005&scope=read%3Auser%20repo%20public_repo
[info] 
[info] Waiting for authentication...
[debug] [2021-06-22T21:29:44.860Z] >>> HTTP REQUEST POST https://github.com/login/oauth/access_token  
 {"client_id":"89cf50f02ac6aaed3484","client_secret":"3330d14abc895d9a74d5f17cd7a00711fa2c5bf0","code":"1c71735ac4079b7d9dab","redirect_uri":"http://localhost:9005","state":"572744466"}
[debug] [2021-06-22T21:29:45.854Z] <<< HTTP RESPONSE 200 {"server":"GitHub.com","date":"Tue, 22 Jun 2021 21:29:45 GMT","content-type":"application/json; charset=utf-8","transfer-encoding":"chunked","vary":"X-PJAX, Accept-Encoding, Accept, X-Requested-With","permissions-policy":"interest-cohort=()","etag":"W/\"6e839b40405cd27bcf725defd4f88623\"","cache-control":"max-age=0, private, must-revalidate","strict-transport-security":"max-age=31536000; includeSubdomains; preload","x-frame-options":"deny","x-content-type-options":"nosniff","x-xss-protection":"0","referrer-policy":"origin-when-cross-origin, strict-origin-when-cross-origin","expect-ct":"max-age=2592000, report-uri=\"https://api.github.com/_private/browser/errors\"","content-security-policy":"default-src 'none'; base-uri 'self'; block-all-mixed-content; connect-src 'self' uploads.github.com www.githubstatus.com collector.githubapp.com api.github.com github-cloud.s3.amazonaws.com github-production-repository-file-5c1aeb.s3.amazonaws.com github-production-upload-manifest-file-7fdce7.s3.amazonaws.com github-production-user-asset-6210df.s3.amazonaws.com cdn.optimizely.com logx.optimizely.com/v1/events translator.github.com wss://alive.github.com; font-src github.githubassets.com; form-action 'self' github.com gist.github.com; frame-ancestors 'none'; frame-src render.githubusercontent.com render-temp.githubusercontent.com viewscreen.githubusercontent.com; img-src 'self' data: github.githubassets.com identicons.github.com collector.githubapp.com github-cloud.s3.amazonaws.com secured-user-images.githubusercontent.com/ *.githubusercontent.com; manifest-src 'self'; media-src 'none'; script-src github.githubassets.com; style-src 'unsafe-inline' github.githubassets.com; worker-src github.com/socket-worker-3f088aa2.js gist.github.com/socket-worker-3f088aa2.js","x-github-request-id":"EB67:57BF:FED69:12403C:60D25649"}
[debug] [2021-06-22T21:29:45.856Z] >>> [apiv2][query] GET https://api.github.com/user [none]
[debug] [2021-06-22T21:29:47.099Z] <<< [apiv2][status] GET https://api.github.com/user 200
[debug] [2021-06-22T21:29:47.099Z] <<< [apiv2][body] GET https://api.github.com/user {"login":"marifm1986","id":43994458,"node_id":"MDQ6VXNlcjQzOTk0NDU4","avatar_url":"https://avatars.githubusercontent.com/u/43994458?v=4","gravatar_id":"","url":"https://api.github.com/users/marifm1986","html_url":"https://github.com/marifm1986","followers_url":"https://api.github.com/users/marifm1986/followers","following_url":"https://api.github.com/users/marifm1986/following{/other_user}","gists_url":"https://api.github.com/users/marifm1986/gists{/gist_id}","starred_url":"https://api.github.com/users/marifm1986/starred{/owner}{/repo}","subscriptions_url":"https://api.github.com/users/marifm1986/subscriptions","organizations_url":"https://api.github.com/users/marifm1986/orgs","repos_url":"https://api.github.com/users/marifm1986/repos","events_url":"https://api.github.com/users/marifm1986/events{/privacy}","received_events_url":"https://api.github.com/users/marifm1986/received_events","type":"User","site_admin":false,"name":"Arif Matubber","company":"Hoxro Dev. Center","blog":"www.hoxro.co.uk","location":"Dhaka, Bangladesh","email":null,"hireable":null,"bio":"Front End Developer + UI UX Designer","twitter_username":null,"public_repos":38,"public_gists":0,"followers":0,"following":0,"created_at":"2018-10-09T13:21:43Z","updated_at":"2021-06-22T21:29:18Z","private_gists":0,"total_private_repos":18,"owned_private_repos":18,"disk_usage":593868,"collaborators":0,"two_factor_authentication":false,"plan":{"name":"free","space":976562499,"collaborators":0,"private_repos":10000}}
[info] 
[info] +  Success! Logged into GitHub as marifm1986 
[info] 
[debug] [2021-06-22T21:30:06.259Z] >>> [apiv2][query] GET https://api.github.com/repos/master/actions/secrets/public-key type=owner
[debug] [2021-06-22T21:30:07.245Z] <<< [apiv2][status] GET https://api.github.com/repos/master/actions/secrets/public-key 404
[debug] [2021-06-22T21:30:07.245Z] <<< [apiv2][body] GET https://api.github.com/repos/master/actions/secrets/public-key {"message":"Not Found","documentation_url":"https://docs.github.com/rest"}
[debug] [2021-06-22T21:31:57.114Z] >>> [apiv2][query] GET https://api.github.com/repos/kanban-fire/actions/secrets/public-key type=owner
[debug] [2021-06-22T21:31:58.102Z] <<< [apiv2][status] GET https://api.github.com/repos/kanban-fire/actions/secrets/public-key 404
[debug] [2021-06-22T21:31:58.102Z] <<< [apiv2][body] GET https://api.github.com/repos/kanban-fire/actions/secrets/public-key {"message":"Not Found","documentation_url":"https://docs.github.com/rest"}
[debug] [2021-06-22T21:32:04.603Z] >>> [apiv2][query] GET https://api.github.com/repos//actions/secrets/public-key type=owner
[debug] [2021-06-22T21:32:06.757Z] <<< [apiv2][status] GET https://api.github.com/repos//actions/secrets/public-key 404
[debug] [2021-06-22T21:32:06.757Z] <<< [apiv2][body] GET https://api.github.com/repos//actions/secrets/public-key {"message":"Not Found","documentation_url":"https://docs.github.com/rest"}
[debug] [2021-06-22T21:32:08.042Z] >>> [apiv2][query] GET https://api.github.com/repos/https://github.com/marifm1986/kanban-fire/actions/secrets/public-key type=owner
[debug] [2021-06-22T21:32:09.112Z] <<< [apiv2][status] GET https://api.github.com/repos/https://github.com/marifm1986/kanban-fire/actions/secrets/public-key 404
[debug] [2021-06-22T21:32:09.113Z] <<< [apiv2][body] GET https://api.github.com/repos/https://github.com/marifm1986/kanban-fire/actions/secrets/public-key {"message":"Not Found","documentation_url":"https://docs.github.com/rest"}
[debug] [2021-06-22T21:32:10.250Z] >>> [apiv2][query] GET https://api.github.com/repos//actions/secrets/public-key type=owner
[debug] [2021-06-22T21:32:11.295Z] <<< [apiv2][status] GET https://api.github.com/repos//actions/secrets/public-key 404
[debug] [2021-06-22T21:32:11.295Z] <<< [apiv2][body] GET https://api.github.com/repos//actions/secrets/public-key {"message":"Not Found","documentation_url":"https://docs.github.com/rest"}
